<?xml version="1.0" encoding="UTF-8"?>
<testsuites>
  <testsuite name="C:\xampp\htdocs\MyUkm-main\phpunit.xml" tests="54" assertions="129" errors="0" failures="17" skipped="0" time="6.826663">
    <testsuite name="Feature" tests="54" assertions="129" errors="0" failures="17" skipped="0" time="6.826663">
      <testsuite name="Tests\Feature\Ukm\UkmJoinTest" file="C:\xampp\htdocs\MyUkm-main\tests\Feature\Ukm\UkmJoinTest.php" tests="5" assertions="20" errors="0" failures="0" skipped="0" time="1.513367">
        <testcase name="user_can_leave_ukm" file="C:\xampp\htdocs\MyUkm-main\tests\Feature\Ukm\UkmJoinTest.php" line="152" class="Tests\Feature\Ukm\UkmJoinTest" classname="Tests.Feature.Ukm.UkmJoinTest" assertions="4" time="1.283859"/>
        <testcase name="guest_cannot_access_ukm_pages" file="C:\xampp\htdocs\MyUkm-main\tests\Feature\Ukm\UkmJoinTest.php" line="180" class="Tests\Feature\Ukm\UkmJoinTest" classname="Tests.Feature.Ukm.UkmJoinTest" assertions="6" time="0.048002"/>
        <testcase name="user_cannot_join_same_ukm_twice" file="C:\xampp\htdocs\MyUkm-main\tests\Feature\Ukm\UkmJoinTest.php" line="116" class="Tests\Feature\Ukm\UkmJoinTest" classname="Tests.Feature.Ukm.UkmJoinTest" assertions="4" time="0.069516"/>
        <testcase name="user_cannot_join_with_invalid_referral_code" file="C:\xampp\htdocs\MyUkm-main\tests\Feature\Ukm\UkmJoinTest.php" line="84" class="Tests\Feature\Ukm\UkmJoinTest" classname="Tests.Feature.Ukm.UkmJoinTest" assertions="2" time="0.063498"/>
        <testcase name="user_can_join_ukm_with_valid_referral_code" file="C:\xampp\htdocs\MyUkm-main\tests\Feature\Ukm\UkmJoinTest.php" line="58" class="Tests\Feature\Ukm\UkmJoinTest" classname="Tests.Feature.Ukm.UkmJoinTest" assertions="4" time="0.048492"/>
      </testsuite>
      <testsuite name="Tests\Feature\UserDeletionTest" file="C:\xampp\htdocs\MyUkm-main\tests\Feature\UserDeletionTest.php" tests="5" assertions="20" errors="0" failures="0" skipped="0" time="0.679719">
        <testcase name="admin_website_can_delete_user_and_create_deletion_record" file="C:\xampp\htdocs\MyUkm-main\tests\Feature\UserDeletionTest.php" line="45" class="Tests\Feature\UserDeletionTest" classname="Tests.Feature.UserDeletionTest" assertions="3" time="0.049938"/>
        <testcase name="deleted_user_cannot_login" file="C:\xampp\htdocs\MyUkm-main\tests\Feature\UserDeletionTest.php" line="72" class="Tests\Feature\UserDeletionTest" classname="Tests.Feature.UserDeletionTest" assertions="4" time="0.041794"/>
        <testcase name="admin_website_can_view_deletion_history" file="C:\xampp\htdocs\MyUkm-main\tests\Feature\UserDeletionTest.php" line="100" class="Tests\Feature\UserDeletionTest" classname="Tests.Feature.UserDeletionTest" assertions="5" time="0.502358"/>
        <testcase name="regular_user_cannot_delete_other_users" file="C:\xampp\htdocs\MyUkm-main\tests\Feature\UserDeletionTest.php" line="164" class="Tests\Feature\UserDeletionTest" classname="Tests.Feature.UserDeletionTest" assertions="4" time="0.052209"/>
        <testcase name="admin_website_cannot_delete_another_admin_website" file="C:\xampp\htdocs\MyUkm-main\tests\Feature\UserDeletionTest.php" line="133" class="Tests\Feature\UserDeletionTest" classname="Tests.Feature.UserDeletionTest" assertions="4" time="0.033420"/>
      </testsuite>
      <testsuite name="Tests\Feature\Chat\ChatTest" file="C:\xampp\htdocs\MyUkm-main\tests\Feature\Chat\ChatTest.php" tests="5" assertions="8" errors="0" failures="2" skipped="0" time="0.294564">
        <testcase name="basic_test" file="C:\xampp\htdocs\MyUkm-main\tests\Feature\Chat\ChatTest.php" line="142" class="Tests\Feature\Chat\ChatTest" classname="Tests.Feature.Chat.ChatTest" assertions="1" time="0.041049"/>
        <testcase name="message_requires_content" file="C:\xampp\htdocs\MyUkm-main\tests\Feature\Chat\ChatTest.php" line="84" class="Tests\Feature\Chat\ChatTest" classname="Tests.Feature.Chat.ChatTest" assertions="3" time="0.094052">
          <failure type="PHPUnit\Framework\ExpectationFailedException">Tests\Feature\Chat\ChatTest::message_requires_content&#13;
Failed to find a validation error in the response for key: 'message'&#13;
&#13;
Response does not have JSON validation errors.
Failed asserting that an array has the key 'message'.
&#13;
C:\xampp\htdocs\MyUkm-main\vendor\laravel\framework\src\Illuminate\Testing\TestResponseAssert.php:45
C:\xampp\htdocs\MyUkm-main\vendor\laravel\framework\src\Illuminate\Testing\TestResponse.php:1105
C:\xampp\htdocs\MyUkm-main\vendor\laravel\framework\src\Illuminate\Testing\TestResponse.php:1033
C:\xampp\htdocs\MyUkm-main\tests\Feature\Chat\ChatTest.php:95</failure>
        </testcase>
        <testcase name="user_can_send_chat_message" file="C:\xampp\htdocs\MyUkm-main\tests\Feature\Chat\ChatTest.php" line="64" class="Tests\Feature\Chat\ChatTest" classname="Tests.Feature.Chat.ChatTest" assertions="2" time="0.069218"/>
        <testcase name="user_cannot_send_message_to_unauthorized_group" file="C:\xampp\htdocs\MyUkm-main\tests\Feature\Chat\ChatTest.php" line="120" class="Tests\Feature\Chat\ChatTest" classname="Tests.Feature.Chat.ChatTest" assertions="1" time="0.049405"/>
        <testcase name="user_can_view_chat_messages" file="C:\xampp\htdocs\MyUkm-main\tests\Feature\Chat\ChatTest.php" line="99" class="Tests\Feature\Chat\ChatTest" classname="Tests.Feature.Chat.ChatTest" assertions="1" time="0.040839">
          <failure type="PHPUnit\Framework\ExpectationFailedException">Tests\Feature\Chat\ChatTest::user_can_view_chat_messages&#13;
Expected response status code [200] but received 400.
Failed asserting that 400 is identical to 200.
&#13;
C:\xampp\htdocs\MyUkm-main\vendor\laravel\framework\src\Illuminate\Testing\TestResponseAssert.php:45
C:\xampp\htdocs\MyUkm-main\vendor\laravel\framework\src\Illuminate\Testing\TestResponse.php:174
C:\xampp\htdocs\MyUkm-main\tests\Feature\Chat\ChatTest.php:113</failure>
        </testcase>
      </testsuite>
      <testsuite name="Tests\Feature\UserManagementTest" file="C:\xampp\htdocs\MyUkm-main\tests\Feature\User\UserManagementTest.php" tests="3" assertions="3" errors="0" failures="2" skipped="0" time="0.195764">
        <testcase name="admin_can_view_users" file="C:\xampp\htdocs\MyUkm-main\tests\Feature\User\UserManagementTest.php" line="30" class="Tests\Feature\UserManagementTest" classname="Tests.Feature.UserManagementTest" assertions="1" time="0.050606">
          <failure type="PHPUnit\Framework\ExpectationFailedException">Tests\Feature\UserManagementTest::admin_can_view_users&#13;
Expected response status code [200] but received 302.
Failed asserting that 302 is identical to 200.
&#13;
C:\xampp\htdocs\MyUkm-main\vendor\laravel\framework\src\Illuminate\Testing\TestResponseAssert.php:45
C:\xampp\htdocs\MyUkm-main\vendor\laravel\framework\src\Illuminate\Testing\TestResponse.php:174
C:\xampp\htdocs\MyUkm-main\tests\Feature\User\UserManagementTest.php:38</failure>
        </testcase>
        <testcase name="non_admin_cannot_access_admin_routes" file="C:\xampp\htdocs\MyUkm-main\tests\Feature\User\UserManagementTest.php" line="67" class="Tests\Feature\UserManagementTest" classname="Tests.Feature.UserManagementTest" assertions="1" time="0.030939"/>
        <testcase name="admin_can_create_user" file="C:\xampp\htdocs\MyUkm-main\tests\Feature\User\UserManagementTest.php" line="42" class="Tests\Feature\UserManagementTest" classname="Tests.Feature.UserManagementTest" assertions="1" time="0.114219">
          <failure type="PHPUnit\Framework\ExpectationFailedException">Tests\Feature\UserManagementTest::admin_can_create_user&#13;
Expected response status code [201, 301, 302, 303, 307, 308] but received 419.
Failed asserting that false is true.
&#13;
C:\xampp\htdocs\MyUkm-main\vendor\laravel\framework\src\Illuminate\Testing\TestResponseAssert.php:45
C:\xampp\htdocs\MyUkm-main\vendor\laravel\framework\src\Illuminate\Testing\TestResponse.php:199
C:\xampp\htdocs\MyUkm-main\tests\Feature\User\UserManagementTest.php:58</failure>
        </testcase>
      </testsuite>
      <testsuite name="Tests\Feature\UserGroupRelationshipTest" file="C:\xampp\htdocs\MyUkm-main\tests\Feature\User\UserGroupRelationshipTest.php" tests="1" assertions="1" errors="0" failures="0" skipped="0" time="0.029260">
        <testcase name="test_user_can_be_attached_to_group" file="C:\xampp\htdocs\MyUkm-main\tests\Feature\User\UserGroupRelationshipTest.php" line="14" class="Tests\Feature\UserGroupRelationshipTest" classname="Tests.Feature.UserGroupRelationshipTest" assertions="1" time="0.029260"/>
      </testsuite>
      <testsuite name="Tests\Feature\Admin\AdminTest" file="C:\xampp\htdocs\MyUkm-main\tests\Feature\Admin\AdminTest.php" tests="7" assertions="19" errors="0" failures="1" skipped="0" time="0.861896">
        <testcase name="admin_can_create_user" file="C:\xampp\htdocs\MyUkm-main\tests\Feature\Admin\AdminTest.php" line="85" class="Tests\Feature\Admin\AdminTest" classname="Tests.Feature.Admin.AdminTest" assertions="4" time="0.059422"/>
        <testcase name="admin_can_view_users_list" file="C:\xampp\htdocs\MyUkm-main\tests\Feature\Admin\AdminTest.php" line="75" class="Tests\Feature\Admin\AdminTest" classname="Tests.Feature.Admin.AdminTest" assertions="1" time="0.332961">
          <failure type="PHPUnit\Framework\ExpectationFailedException">Tests\Feature\Admin\AdminTest::admin_can_view_users_list&#13;
Expected response status code [200] but received 500.
Failed asserting that 500 is identical to 200.
&#13;
C:\xampp\htdocs\MyUkm-main\vendor\laravel\framework\src\Illuminate\Testing\TestResponseAssert.php:45
C:\xampp\htdocs\MyUkm-main\vendor\laravel\framework\src\Illuminate\Testing\TestResponse.php:174
C:\xampp\htdocs\MyUkm-main\tests\Feature\Admin\AdminTest.php:80</failure>
        </testcase>
        <testcase name="admin_can_update_user" file="C:\xampp\htdocs\MyUkm-main\tests\Feature\Admin\AdminTest.php" line="121" class="Tests\Feature\Admin\AdminTest" classname="Tests.Feature.Admin.AdminTest" assertions="3" time="0.056267"/>
        <testcase name="admin_can_view_dashboard" file="C:\xampp\htdocs\MyUkm-main\tests\Feature\Admin\AdminTest.php" line="66" class="Tests\Feature\Admin\AdminTest" classname="Tests.Feature.Admin.AdminTest" assertions="1" time="0.213529"/>
        <testcase name="admin_can_delete_user" file="C:\xampp\htdocs\MyUkm-main\tests\Feature\Admin\AdminTest.php" line="142" class="Tests\Feature\Admin\AdminTest" classname="Tests.Feature.Admin.AdminTest" assertions="3" time="0.090393"/>
        <testcase name="non_admin_cannot_access_admin_routes" file="C:\xampp\htdocs\MyUkm-main\tests\Feature\Admin\AdminTest.php" line="195" class="Tests\Feature\Admin\AdminTest" classname="Tests.Feature.Admin.AdminTest" assertions="3" time="0.053270"/>
        <testcase name="admin_can_manage_groups" file="C:\xampp\htdocs\MyUkm-main\tests\Feature\Admin\AdminTest.php" line="170" class="Tests\Feature\Admin\AdminTest" classname="Tests.Feature.Admin.AdminTest" assertions="4" time="0.056054"/>
      </testsuite>
      <testsuite name="Tests\Feature\User\UserTest" file="C:\xampp\htdocs\MyUkm-main\tests\Feature\User\UserTest.php" tests="6" assertions="17" errors="0" failures="3" skipped="0" time="0.734889">
        <testcase name="guest_cannot_access_dashboard" file="C:\xampp\htdocs\MyUkm-main\tests\Feature\User\UserTest.php" line="93" class="Tests\Feature\User\UserTest" classname="Tests.Feature.User.UserTest" assertions="3" time="0.045082"/>
        <testcase name="user_cannot_login_with_wrong_password" file="C:\xampp\htdocs\MyUkm-main\tests\Feature\User\UserTest.php" line="101" class="Tests\Feature\User\UserTest" classname="Tests.Feature.User.UserTest" assertions="4" time="0.243153"/>
        <testcase name="non_admin_cannot_view_all_members" file="C:\xampp\htdocs\MyUkm-main\tests\Feature\User\UserTest.php" line="126" class="Tests\Feature\User\UserTest" classname="Tests.Feature.User.UserTest" assertions="1" time="0.062538">
          <failure type="PHPUnit\Framework\ExpectationFailedException">Tests\Feature\User\UserTest::non_admin_cannot_view_all_members&#13;
Expected response status code [403] but received 302.
Failed asserting that 302 is identical to 403.
&#13;
C:\xampp\htdocs\MyUkm-main\vendor\laravel\framework\src\Illuminate\Testing\TestResponseAssert.php:45
C:\xampp\htdocs\MyUkm-main\vendor\laravel\framework\src\Illuminate\Testing\TestResponse.php:174
C:\xampp\htdocs\MyUkm-main\tests\Feature\User\UserTest.php:131</failure>
        </testcase>
        <testcase name="admin_can_view_all_members" file="C:\xampp\htdocs\MyUkm-main\tests\Feature\User\UserTest.php" line="116" class="Tests\Feature\User\UserTest" classname="Tests.Feature.User.UserTest" assertions="1" time="0.280892">
          <failure type="PHPUnit\Framework\ExpectationFailedException">Tests\Feature\User\UserTest::admin_can_view_all_members&#13;
Expected response status code [200] but received 500.
Failed asserting that 500 is identical to 200.
&#13;
C:\xampp\htdocs\MyUkm-main\vendor\laravel\framework\src\Illuminate\Testing\TestResponseAssert.php:45
C:\xampp\htdocs\MyUkm-main\vendor\laravel\framework\src\Illuminate\Testing\TestResponse.php:174
C:\xampp\htdocs\MyUkm-main\tests\Feature\User\UserTest.php:121</failure>
        </testcase>
        <testcase name="user_can_register" file="C:\xampp\htdocs\MyUkm-main\tests\Feature\User\UserTest.php" line="54" class="Tests\Feature\User\UserTest" classname="Tests.Feature.User.UserTest" assertions="2" time="0.062624">
          <failure type="PHPUnit\Framework\ExpectationFailedException">Tests\Feature\User\UserTest::user_can_register&#13;
Failed asserting that a row in the table [users] matches the attributes {
    "name": "New User",
    "nim": "12345678",
    "email": "newuser@test.com",
    "role": "member",
    "ukm_id": 26
}.

Found similar results: [
    {
        "name": "New User",
        "nim": "12345678",
        "email": null,
        "role": "anggota",
        "ukm_id": 26
    }
].
&#13;
C:\xampp\htdocs\MyUkm-main\vendor\laravel\framework\src\Illuminate\Foundation\Testing\Concerns\InteractsWithDatabase.php:35
C:\xampp\htdocs\MyUkm-main\tests\Feature\User\UserTest.php:68</failure>
        </testcase>
        <testcase name="user_can_login" file="C:\xampp\htdocs\MyUkm-main\tests\Feature\User\UserTest.php" line="78" class="Tests\Feature\User\UserTest" classname="Tests.Feature.User.UserTest" assertions="6" time="0.040599"/>
      </testsuite>
      <testsuite name="Tests\Feature\SimpleChatTest" file="C:\xampp\htdocs\MyUkm-main\tests\Feature\SimpleChatTest.php" tests="1" assertions="4" errors="0" failures="1" skipped="0" time="0.052420">
        <testcase name="testBasicChatFlow" file="C:\xampp\htdocs\MyUkm-main\tests\Feature\SimpleChatTest.php" line="22" class="Tests\Feature\SimpleChatTest" classname="Tests.Feature.SimpleChatTest" assertions="4" time="0.052420">
          <failure type="PHPUnit\Framework\ExpectationFailedException">Tests\Feature\SimpleChatTest::testBasicChatFlow&#13;
Expected response status code [201, 301, 302, 303, 307, 308] but received 419.
Failed asserting that false is true.
&#13;
C:\xampp\htdocs\MyUkm-main\vendor\laravel\framework\src\Illuminate\Testing\TestResponseAssert.php:45
C:\xampp\htdocs\MyUkm-main\vendor\laravel\framework\src\Illuminate\Testing\TestResponse.php:199
C:\xampp\htdocs\MyUkm-main\tests\Feature\SimpleChatTest.php:63</failure>
        </testcase>
      </testsuite>
      <testsuite name="Tests\Feature\Auth\AuthenticationTest" file="C:\xampp\htdocs\MyUkm-main\tests\Feature\Auth\AuthenticationTest.php" tests="7" assertions="18" errors="0" failures="0" skipped="0" time="0.666237">
        <testcase name="user_can_login_with_correct_credentials" file="C:\xampp\htdocs\MyUkm-main\tests\Feature\Auth\AuthenticationTest.php" line="41" class="Tests\Feature\Auth\AuthenticationTest" classname="Tests.Feature.Auth.AuthenticationTest" assertions="5" time="0.050257"/>
        <testcase name="authenticated_user_cannot_see_register_page" file="C:\xampp\htdocs\MyUkm-main\tests\Feature\Auth\AuthenticationTest.php" line="128" class="Tests\Feature\Auth\AuthenticationTest" classname="Tests.Feature.Auth.AuthenticationTest" assertions="1" time="0.175174"/>
        <testcase name="user_can_logout" file="C:\xampp\htdocs\MyUkm-main\tests\Feature\Auth\AuthenticationTest.php" line="106" class="Tests\Feature\Auth\AuthenticationTest" classname="Tests.Feature.Auth.AuthenticationTest" assertions="3" time="0.050006"/>
        <testcase name="authenticated_user_cannot_see_login_page" file="C:\xampp\htdocs\MyUkm-main\tests\Feature\Auth\AuthenticationTest.php" line="117" class="Tests\Feature\Auth\AuthenticationTest" classname="Tests.Feature.Auth.AuthenticationTest" assertions="1" time="0.087072"/>
        <testcase name="user_cannot_register_with_existing_nim" file="C:\xampp\htdocs\MyUkm-main\tests\Feature\Auth\AuthenticationTest.php" line="90" class="Tests\Feature\Auth\AuthenticationTest" classname="Tests.Feature.Auth.AuthenticationTest" assertions="2" time="0.034324"/>
        <testcase name="user_cannot_login_with_incorrect_password" file="C:\xampp\htdocs\MyUkm-main\tests\Feature\Auth\AuthenticationTest.php" line="55" class="Tests\Feature\Auth\AuthenticationTest" classname="Tests.Feature.Auth.AuthenticationTest" assertions="3" time="0.233048"/>
        <testcase name="user_can_register_with_valid_data" file="C:\xampp\htdocs\MyUkm-main\tests\Feature\Auth\AuthenticationTest.php" line="69" class="Tests\Feature\Auth\AuthenticationTest" classname="Tests.Feature.Auth.AuthenticationTest" assertions="3" time="0.036356"/>
      </testsuite>
      <testsuite name="Tests\Feature\Group\GroupTest" file="C:\xampp\htdocs\MyUkm-main\tests\Feature\Group\GroupTest.php" tests="5" assertions="5" errors="0" failures="5" skipped="0" time="0.414787">
        <testcase name="user_can_login_with_correct_nim_and_password" file="C:\xampp\htdocs\MyUkm-main\tests\Feature\Group\GroupTest.php" line="54" class="Tests\Feature\Group\GroupTest" classname="Tests.Feature.Group.GroupTest" assertions="1" time="0.040426">
          <failure type="PHPUnit\Framework\ExpectationFailedException">Tests\Feature\Group\GroupTest::user_can_login_with_correct_nim_and_password&#13;
Expected response status code [201, 301, 302, 303, 307, 308] but received 419.
Failed asserting that false is true.
&#13;
C:\xampp\htdocs\MyUkm-main\vendor\laravel\framework\src\Illuminate\Testing\TestResponseAssert.php:45
C:\xampp\htdocs\MyUkm-main\vendor\laravel\framework\src\Illuminate\Testing\TestResponse.php:199
C:\xampp\htdocs\MyUkm-main\tests\Feature\Group\GroupTest.php:61</failure>
        </testcase>
        <testcase name="user_cannot_join_group_with_invalid_code" file="C:\xampp\htdocs\MyUkm-main\tests\Feature\Group\GroupTest.php" line="81" class="Tests\Feature\Group\GroupTest" classname="Tests.Feature.Group.GroupTest" assertions="1" time="0.034827">
          <failure type="PHPUnit\Framework\ExpectationFailedException">Tests\Feature\Group\GroupTest::user_cannot_join_group_with_invalid_code&#13;
Session is missing expected key [errors].
Failed asserting that false is true.
&#13;
C:\xampp\htdocs\MyUkm-main\vendor\laravel\framework\src\Illuminate\Testing\TestResponseAssert.php:45
C:\xampp\htdocs\MyUkm-main\vendor\laravel\framework\src\Illuminate\Testing\TestResponse.php:1517
C:\xampp\htdocs\MyUkm-main\vendor\laravel\framework\src\Illuminate\Testing\TestResponse.php:1594
C:\xampp\htdocs\MyUkm-main\tests\Feature\Group\GroupTest.php:88</failure>
        </testcase>
        <testcase name="user_can_join_group_with_valid_code" file="C:\xampp\htdocs\MyUkm-main\tests\Feature\Group\GroupTest.php" line="66" class="Tests\Feature\Group\GroupTest" classname="Tests.Feature.Group.GroupTest" assertions="1" time="0.033169">
          <failure type="PHPUnit\Framework\ExpectationFailedException">Tests\Feature\Group\GroupTest::user_can_join_group_with_valid_code&#13;
Expected response status code [201, 301, 302, 303, 307, 308] but received 419.
Failed asserting that false is true.
&#13;
C:\xampp\htdocs\MyUkm-main\vendor\laravel\framework\src\Illuminate\Testing\TestResponseAssert.php:45
C:\xampp\htdocs\MyUkm-main\vendor\laravel\framework\src\Illuminate\Testing\TestResponse.php:199
C:\xampp\htdocs\MyUkm-main\tests\Feature\Group\GroupTest.php:73</failure>
        </testcase>
        <testcase name="admin_can_create_group" file="C:\xampp\htdocs\MyUkm-main\tests\Feature\Group\GroupTest.php" line="111" class="Tests\Feature\Group\GroupTest" classname="Tests.Feature.Group.GroupTest" assertions="1" time="0.050932">
          <failure type="PHPUnit\Framework\ExpectationFailedException">Tests\Feature\Group\GroupTest::admin_can_create_group&#13;
Expected response status code [201, 301, 302, 303, 307, 308] but received 419.
Failed asserting that false is true.
&#13;
C:\xampp\htdocs\MyUkm-main\vendor\laravel\framework\src\Illuminate\Testing\TestResponseAssert.php:45
C:\xampp\htdocs\MyUkm-main\vendor\laravel\framework\src\Illuminate\Testing\TestResponse.php:199
C:\xampp\htdocs\MyUkm-main\tests\Feature\Group\GroupTest.php:129</failure>
        </testcase>
        <testcase name="user_can_leave_group" file="C:\xampp\htdocs\MyUkm-main\tests\Feature\Group\GroupTest.php" line="95" class="Tests\Feature\Group\GroupTest" classname="Tests.Feature.Group.GroupTest" assertions="1" time="0.255434">
          <failure type="PHPUnit\Framework\ExpectationFailedException">Tests\Feature\Group\GroupTest::user_can_leave_group&#13;
Expected response status code [201, 301, 302, 303, 307, 308] but received 405.
Failed asserting that false is true.
&#13;
C:\xampp\htdocs\MyUkm-main\vendor\laravel\framework\src\Illuminate\Testing\TestResponseAssert.php:45
C:\xampp\htdocs\MyUkm-main\vendor\laravel\framework\src\Illuminate\Testing\TestResponse.php:199
C:\xampp\htdocs\MyUkm-main\tests\Feature\Group\GroupTest.php:103</failure>
        </testcase>
      </testsuite>
      <testsuite name="Tests\Feature\Ukm\UkmTest" file="C:\xampp\htdocs\MyUkm-main\tests\Feature\Ukm\UkmTest.php" tests="7" assertions="10" errors="0" failures="3" skipped="0" time="1.316761">
        <testcase name="user_can_leave_ukm" file="C:\xampp\htdocs\MyUkm-main\tests\Feature\Ukm\UkmTest.php" line="131" class="Tests\Feature\Ukm\UkmTest" classname="Tests.Feature.Ukm.UkmTest" assertions="1" time="0.042646">
          <failure type="PHPUnit\Framework\ExpectationFailedException">Tests\Feature\Ukm\UkmTest::user_can_leave_ukm&#13;
Expected response status code [201, 301, 302, 303, 307, 308] but received 404.
Failed asserting that false is true.
&#13;
C:\xampp\htdocs\MyUkm-main\vendor\laravel\framework\src\Illuminate\Testing\TestResponseAssert.php:45
C:\xampp\htdocs\MyUkm-main\vendor\laravel\framework\src\Illuminate\Testing\TestResponse.php:199
C:\xampp\htdocs\MyUkm-main\tests\Feature\Ukm\UkmTest.php:151</failure>
        </testcase>
        <testcase name="user_can_join_ukm" file="C:\xampp\htdocs\MyUkm-main\tests\Feature\Ukm\UkmTest.php" line="106" class="Tests\Feature\Ukm\UkmTest" classname="Tests.Feature.Ukm.UkmTest" assertions="2" time="0.052511"/>
        <testcase name="admin_can_create_ukm" file="C:\xampp\htdocs\MyUkm-main\tests\Feature\Ukm\UkmTest.php" line="70" class="Tests\Feature\Ukm\UkmTest" classname="Tests.Feature.Ukm.UkmTest" assertions="2" time="0.051753"/>
        <testcase name="admin_can_view_ukm_list" file="C:\xampp\htdocs\MyUkm-main\tests\Feature\Ukm\UkmTest.php" line="60" class="Tests\Feature\Ukm\UkmTest" classname="Tests.Feature.Ukm.UkmTest" assertions="2" time="0.440965"/>
        <testcase name="non_admin_cannot_access_admin_ukm_routes" file="C:\xampp\htdocs\MyUkm-main\tests\Feature\Ukm\UkmTest.php" line="172" class="Tests\Feature\Ukm\UkmTest" classname="Tests.Feature.Ukm.UkmTest" assertions="1" time="0.281041">
          <failure type="PHPUnit\Framework\ExpectationFailedException">Tests\Feature\Ukm\UkmTest::non_admin_cannot_access_admin_ukm_routes&#13;
Expected response status code [403] but received 405.
Failed asserting that 405 is identical to 403.
&#13;
C:\xampp\htdocs\MyUkm-main\vendor\laravel\framework\src\Illuminate\Testing\TestResponseAssert.php:45
C:\xampp\htdocs\MyUkm-main\vendor\laravel\framework\src\Illuminate\Testing\TestResponse.php:174
C:\xampp\htdocs\MyUkm-main\tests\Feature\Ukm\UkmTest.php:187</failure>
        </testcase>
        <testcase name="admin_can_delete_ukm" file="C:\xampp\htdocs\MyUkm-main\tests\Feature\Ukm\UkmTest.php" line="159" class="Tests\Feature\Ukm\UkmTest" classname="Tests.Feature.Ukm.UkmTest" assertions="1" time="0.039059">
          <failure type="PHPUnit\Framework\ExpectationFailedException">Tests\Feature\Ukm\UkmTest::admin_can_delete_ukm&#13;
Expected response status code [201, 301, 302, 303, 307, 308] but received 419.
Failed asserting that false is true.
&#13;
C:\xampp\htdocs\MyUkm-main\vendor\laravel\framework\src\Illuminate\Testing\TestResponseAssert.php:45
C:\xampp\htdocs\MyUkm-main\vendor\laravel\framework\src\Illuminate\Testing\TestResponse.php:199
C:\xampp\htdocs\MyUkm-main\tests\Feature\Ukm\UkmTest.php:167</failure>
        </testcase>
        <testcase name="user_can_view_ukm_list" file="C:\xampp\htdocs\MyUkm-main\tests\Feature\Ukm\UkmTest.php" line="96" class="Tests\Feature\Ukm\UkmTest" classname="Tests.Feature.Ukm.UkmTest" assertions="1" time="0.408787"/>
      </testsuite>
      <testsuite name="Tests\Feature\ExampleTest" file="C:\xampp\htdocs\MyUkm-main\tests\Feature\ExampleTest.php" tests="2" assertions="4" errors="0" failures="0" skipped="0" time="0.066998">
        <testcase name="test_authenticated_user_can_access_dashboard" file="C:\xampp\htdocs\MyUkm-main\tests\Feature\ExampleTest.php" line="28" class="Tests\Feature\ExampleTest" classname="Tests.Feature.ExampleTest" assertions="1" time="0.038025"/>
        <testcase name="test_the_application_returns_a_successful_response" file="C:\xampp\htdocs\MyUkm-main\tests\Feature\ExampleTest.php" line="17" class="Tests\Feature\ExampleTest" classname="Tests.Feature.ExampleTest" assertions="3" time="0.028973"/>
      </testsuite>
    </testsuite>
  </testsuite>
</testsuites>
